<?xml version="1.0" encoding="UTF-8"?>
<testng-results skipped="0" failed="0" total="2" passed="2">
  <reporter-output>
  </reporter-output>
  <suite name="Default suite" duration-ms="8395" started-at="2016-03-07T07:35:35Z" finished-at="2016-03-07T07:35:43Z">
    <groups>
    </groups>
    <test name="Default test" duration-ms="8395" started-at="2016-03-07T07:35:35Z" finished-at="2016-03-07T07:35:43Z">
      <class name="search.SearchTest">
        <test-method status="PASS" signature="before()[pri:0, instance:search.SearchTest@21395d89]" name="before" is-config="true" duration-ms="51" started-at="2016-03-07T08:35:35Z" finished-at="2016-03-07T08:35:35Z">
          <reporter-output>
          </reporter-output>
        </test-method> <!-- before -->
        <test-method status="PASS" signature="testHappyPath()[pri:0, instance:search.SearchTest@21395d89]" name="testHappyPath" duration-ms="5492" started-at="2016-03-07T08:35:35Z" finished-at="2016-03-07T08:35:40Z">
          <reporter-output>
          </reporter-output>
        </test-method> <!-- testHappyPath -->
        <test-method status="PASS" signature="testUnhappyPath()[pri:1, instance:search.SearchTest@21395d89]" name="testUnhappyPath" duration-ms="2099" started-at="2016-03-07T08:35:40Z" finished-at="2016-03-07T08:35:42Z">
          <reporter-output>
          </reporter-output>
        </test-method> <!-- testUnhappyPath -->
        <test-method status="PASS" signature="after()[pri:0, instance:search.SearchTest@21395d89]" name="after" is-config="true" duration-ms="712" started-at="2016-03-07T08:35:42Z" finished-at="2016-03-07T08:35:43Z">
          <reporter-output>
          </reporter-output>
        </test-method> <!-- after -->
      </class> <!-- search.SearchTest -->
    </test> <!-- Default test -->
  </suite> <!-- Default suite -->
</testng-results>
